#
# A fatal error has been detected by the Java Runtime Environment:
#
#  EXCEPTION_ACCESS_VIOLATION (0xc0000005) at pc=0x00007ffd0c1df8b2, pid=6024, tid=12204
#
# JRE version: OpenJDK Runtime Environment Temurin-17.0.5+8 (17.0.5+8) (build 17.0.5+8)
# Java VM: OpenJDK 64-Bit Server VM Temurin-17.0.5+8 (17.0.5+8, mixed mode, tiered, compressed oops, compressed class ptrs, parallel gc, windows-amd64)
# Problematic frame:
# V  [jvm.dll+0x62f8b2]
#
# No core dump will be written. Minidumps are not enabled by default on client versions of Windows
#
# If you would like to submit a bug report, please visit:
#   https://github.com/adoptium/adoptium-support/issues
#

---------------  S U M M A R Y ------------

Command Line: --add-modules=ALL-SYSTEM --add-opens=java.base/java.util=ALL-UNNAMED --add-opens=java.base/java.lang=ALL-UNNAMED --add-opens=java.base/sun.nio.fs=ALL-UNNAMED -Declipse.application=org.eclipse.jdt.ls.core.id1 -Dosgi.bundles.defaultStartLevel=4 -Declipse.product=org.eclipse.jdt.ls.core.product -Djava.import.generatesMetadataFilesAtProjectRoot=false -Dfile.encoding=utf8 -XX:+UseParallelGC -XX:GCTimeRatio=4 -XX:AdaptiveSizePolicyWeight=90 -Dsun.zip.disableMemoryMapping=true -Xmx1G -Xms100m -Xlog:disable -javaagent:c:\Users\ppk02\.vscode\extensions\redhat.java-1.13.0-win32-x64\lombok\lombok-1.18.24.jar -XX:+HeapDumpOnOutOfMemoryError -XX:HeapDumpPath=c:\Users\ppk02\AppData\Roaming\Code\User\workspaceStorage\ba20d346ddce121bd6170a11cfa85c10\redhat.java c:\Users\ppk02\.vscode\extensions\redhat.java-1.13.0-win32-x64\server\plugins\org.eclipse.equinox.launcher_1.6.400.v20210924-0641.jar -configuration c:\Users\ppk02\AppData\Roaming\Code\User\globalStorage\redhat.java\1.13.0\config_win -data c:\Users\ppk02\AppData\Roaming\Code\User\workspaceStorage\ba20d346ddce121bd6170a11cfa85c10\redhat.java\jdt_ws

Host: AMD Ryzen 5 3600 6-Core Processor              , 12 cores, 15G,  Windows 11 , 64 bit Build 22621 (10.0.22621.963)
Time: Tue Dec 27 22:39:25 2022 Hora oficial do Brasil elapsed time: 42280.798416 seconds (0d 11h 44m 40s)

---------------  T H R E A D  ---------------

Current thread (0x00000254ec561fd0):  VMThread "VM Thread" [stack: 0x000000943b100000,0x000000943b200000] [id=12204]

Stack: [0x000000943b100000,0x000000943b200000],  sp=0x000000943b1fe040,  free space=1016k
Native frames: (J=compiled Java code, j=interpreted, Vv=VM code, C=native code)
V  [jvm.dll+0x62f8b2]
V  [jvm.dll+0x62dd4f]
V  [jvm.dll+0x62dfc9]
V  [jvm.dll+0x36ba38]
V  [jvm.dll+0x539f1c]
V  [jvm.dll+0x6b0754]
V  [jvm.dll+0x6af7fd]
V  [jvm.dll+0x6b5e81]
V  [jvm.dll+0x681e33]
V  [jvm.dll+0x6b7554]
V  [jvm.dll+0x8376fb]
V  [jvm.dll+0x838434]
V  [jvm.dll+0x83894c]
V  [jvm.dll+0x838d24]
V  [jvm.dll+0x838df0]
V  [jvm.dll+0x7e17ea]
V  [jvm.dll+0x6759e5]
C  [ucrtbase.dll+0x29363]
C  [KERNEL32.DLL+0x126bd]
C  [ntdll.dll+0x5dfb8]


siginfo: EXCEPTION_ACCESS_VIOLATION (0xc0000005), reading address 0x00000200f06f0018


Register to memory mapping:

RIP=0x00007ffd0c1df8b2 jvm.dll
RAX=0x00000254f06e8000 is pointing into metadata
RBX=0x00000254842b5480 is pointing into metadata
RCX=0x00000200f06f0000 is an unknown value
RDX={method} {0x00000254f06e86b0} 
[error occurred during error reporting (printing register info), id 0xc0000005, EXCEPTION_ACCESS_VIOLATION (0xc0000005) at pc=0x00007ffd0c1da7a3]

Registers:
RAX=0x00000254f06e8000, RBX=0x00000254842b5480, RCX=0x00000200f06f0000, RDX=0x00000254f06e86a8
RSP=0x000000943b1fe040, RBP=0x00000254842b55b0, RSI=0x0000000000000000, RDI=0x0000000000000000
R8 =0x00007ffd0c54a958, R9 =0x0000000000000000, R10=0x0000000000000000, R11=0x000000943b1fe060
R12=0x00007ffd0c4de3f0, R13=0x00000254d6c9a2d8, R14=0x000000943b1fe0f0, R15=0x0000000000000000
RIP=0x00007ffd0c1df8b2, EFLAGS=0x0000000000010246

Top of Stack: (sp=0x000000943b1fe040)
0x000000943b1fe040:   00000254d4926af0 00007ffd0bc5bec4
0x000000943b1fe050:   00000254efa67eb0 00007ffd76b51b06
0x000000943b1fe060:   0000000000000000 00007ffd0c1ddd4f
0x000000943b1fe070:   00000254842b5480 0000000000000000
0x000000943b1fe080:   0000000000000010 0000000000007fd8
0x000000943b1fe090:   00000254efa681b0 00007ffd0c1deb94
0x000000943b1fe0a0:   00000254d6c99ef0 0000000000000000
0x000000943b1fe0b0:   00000254842b44a0 00000254d6c057e0
0x000000943b1fe0c0:   0000000000000fc8 00007ffd0c1ddfc9
0x000000943b1fe0d0:   00000254842b44a0 00000000000003d8
0x000000943b1fe0e0:   00000254d6c99f00 00000254efa681a0
0x000000943b1fe0f0:   00007ffd0c54a958 00007ffd0bda3c00
0x000000943b1fe100:   00007ffd0c53a010 0000000000000380
0x000000943b1fe110:   00007ffd0c70dc40 00007ffd0c70dcb0
0x000000943b1fe120:   0000000000000070 00007ffd0bf1ba38
0x000000943b1fe130:   00000000000003d8 00000254842b44a0 

Instructions: (pc=0x00007ffd0c1df8b2)
0x00007ffd0c1df7b2:   ff 78 1d 44 0f b7 46 10 49 8d 0c 1e 44 8b cf 0f
0x00007ffd0c1df7c2:   b6 d0 e8 d7 f9 ff ff 8d 04 fd 08 00 00 00 eb 02
0x00007ffd0c1df7d2:   33 c0 48 8b 5c 24 38 48 8b 74 24 40 48 8b 7c 24
0x00007ffd0c1df7e2:   48 48 83 c4 20 41 5e c3 66 90 c4 f6 62 00 98 f7
0x00007ffd0c1df7f2:   62 00 20 f7 62 00 8e f7 62 00 a2 f7 62 00 2d f7
0x00007ffd0c1df802:   62 00 db f6 62 00 d2 f7 62 00 00 07 07 07 07 07
0x00007ffd0c1df812:   07 07 07 07 07 07 07 07 07 07 07 07 07 07 07 07
0x00007ffd0c1df822:   07 07 07 07 07 07 07 07 07 07 07 07 07 07 07 07
0x00007ffd0c1df832:   07 07 07 07 07 07 07 07 07 07 07 07 07 07 07 07
0x00007ffd0c1df842:   07 07 07 07 07 07 07 07 07 07 07 07 07 07 07 07
0x00007ffd0c1df852:   01 01 01 01 01 01 01 01 01 01 01 01 01 01 02 02
0x00007ffd0c1df862:   03 04 04 07 07 07 07 07 07 07 07 07 07 05 06 06
0x00007ffd0c1df872:   05 06 07 07 07 07 07 00 00 07 07 07 07 01 01 02
0x00007ffd0c1df882:   02 cc cc cc cc cc cc cc cc cc cc cc cc cc 48 8d
0x00007ffd0c1df892:   05 e1 ac 36 00 c3 cc cc cc cc cc cc cc cc 48 83
0x00007ffd0c1df8a2:   ec 28 80 79 08 00 75 23 48 8b 42 08 48 8b 48 08
0x00007ffd0c1df8b2:   48 8b 49 18 48 8b 89 98 00 00 00 e8 1e 44 bc ff
0x00007ffd0c1df8c2:   84 c0 74 07 b0 01 48 83 c4 28 c3 32 c0 48 83 c4
0x00007ffd0c1df8d2:   28 c3 cc cc cc cc cc cc cc cc cc cc cc cc 0f b6
0x00007ffd0c1df8e2:   42 2a f6 d0 24 01 c3 cc cc cc cc cc cc cc 48 8b
0x00007ffd0c1df8f2:   49 08 e9 07 4a be ff cc cc cc cc cc cc cc 48 83
0x00007ffd0c1df902:   ec 28 83 c1 ad 83 f9 74 77 66 48 63 c1 48 8d 15
0x00007ffd0c1df912:   ea 06 9d ff 0f b6 84 02 84 f9 62 00 8b 8c 82 7c
0x00007ffd0c1df922:   f9 62 00 48 03 ca ff e1 e8 a1 fb bf ff 84 c0 75
0x00007ffd0c1df932:   3f e8 98 fb bf ff 84 c0 75 21 38 05 c4 d4 4c 00
0x00007ffd0c1df942:   74 10 48 8b 05 75 cf 4c 00 48 ff c8 48 83 f8 02
0x00007ffd0c1df952:   76 1e 83 3d 0d de 52 00 01 74 15 80 3d ae 79 53
0x00007ffd0c1df962:   00 00 75 0c 0f b6 05 62 cc 4c 00 48 83 c4 28 c3
0x00007ffd0c1df972:   32 c0 48 83 c4 28 c3 0f 1f 00 2a f9 62 00 72 f9
0x00007ffd0c1df982:   62 00 00 01 01 01 01 01 01 01 01 01 01 01 01 01
0x00007ffd0c1df992:   01 01 01 01 01 01 01 01 01 01 01 01 01 01 01 01
0x00007ffd0c1df9a2:   01 01 01 01 01 01 01 01 01 01 01 01 01 01 01 01 


Stack slot to memory mapping:
stack at sp + 0 slots: 0x00000254d4926af0 points into unknown readable memory: 0x00000254edd19c40 | 40 9c d1 ed 54 02 00 00
stack at sp + 1 slots: 0x00007ffd0bc5bec4 jvm.dll
stack at sp + 2 slots: 0x00000254efa67eb0 points into unknown readable memory: 0x0000000000000000 | 00 00 00 00 00 00 00 00
stack at sp + 3 slots: 0x00007ffd76b51b06 ucrtbase.dll
stack at sp + 4 slots: 0x0 is NULL
stack at sp + 5 slots: 0x00007ffd0c1ddd4f jvm.dll
stack at sp + 6 slots: 0x00000254842b5480 is pointing into metadata
stack at sp + 7 slots: 0x0 is NULL

VM_Operation (0x000000943d0fee20): ParallelGCFailedAllocation, mode: safepoint, requested by thread 0x00000254ee172640


---------------  P R O C E S S  ---------------

Threads class SMR info:
_java_thread_list=0x00000254f4a5dd20, length=38, elements={
0x00000254d6becbc0, 0x00000254d6cab110, 0x00000254d6cad890, 0x00000254eaa659a0,
0x00000254eaa6e850, 0x00000254ec59b210, 0x00000254ec59e280, 0x00000254ec5c37b0,
0x00000254ec5c71c0, 0x00000254ec5c8350, 0x00000254ec63f680, 0x00000254ec896820,
0x00000254eef0e4e0, 0x00000254eef13490, 0x00000254eef13c10, 0x00000254ee186b90,
0x00000254ee172b10, 0x00000254ee172640, 0x00000254f15beda0, 0x00000254f15bc720,
0x00000254f15bda60, 0x00000254f15bd0c0, 0x00000254f15bb3e0, 0x00000254f15ba570,
0x00000254f15c1420, 0x00000254f15c18f0, 0x00000254f08bd240, 0x00000254f15bc250,
0x00000254f08c10d0, 0x00000254f08be580, 0x00000254ee01d9f0, 0x00000254ee016670,
0x00000254ee01b370, 0x00000254ee0191c0, 0x00000254ee01a500, 0x00000254ee016b40,
0x00000254ee01b840, 0x00000254ee01aea0
}

Java Threads: ( => current thread )
  0x00000254d6becbc0 JavaThread "main" [_thread_blocked, id=9496, stack(0x000000943af00000,0x000000943b000000)]
  0x00000254d6cab110 JavaThread "Reference Handler" daemon [_thread_blocked, id=15288, stack(0x000000943b200000,0x000000943b300000)]
  0x00000254d6cad890 JavaThread "Finalizer" daemon [_thread_blocked, id=10020, stack(0x000000943b300000,0x000000943b400000)]
  0x00000254eaa659a0 JavaThread "Signal Dispatcher" daemon [_thread_blocked, id=12456, stack(0x000000943b400000,0x000000943b500000)]
  0x00000254eaa6e850 JavaThread "Attach Listener" daemon [_thread_blocked, id=10656, stack(0x000000943b500000,0x000000943b600000)]
  0x00000254ec59b210 JavaThread "Service Thread" daemon [_thread_blocked, id=3084, stack(0x000000943b600000,0x000000943b700000)]
  0x00000254ec59e280 JavaThread "Monitor Deflation Thread" daemon [_thread_blocked, id=9944, stack(0x000000943b700000,0x000000943b800000)]
  0x00000254ec5c37b0 JavaThread "C2 CompilerThread0" daemon [_thread_blocked, id=14012, stack(0x000000943b800000,0x000000943b900000)]
  0x00000254ec5c71c0 JavaThread "C1 CompilerThread0" daemon [_thread_blocked, id=2520, stack(0x000000943b900000,0x000000943ba00000)]
  0x00000254ec5c8350 JavaThread "Sweeper thread" daemon [_thread_blocked, id=16532, stack(0x000000943ba00000,0x000000943bb00000)]
  0x00000254ec63f680 JavaThread "Common-Cleaner" daemon [_thread_blocked, id=14032, stack(0x000000943bb00000,0x000000943bc00000)]
  0x00000254ec896820 JavaThread "Notification Thread" daemon [_thread_blocked, id=9296, stack(0x000000943bd00000,0x000000943be00000)]
  0x00000254eef0e4e0 JavaThread "Active Thread: Equinox Container: 1f6e2032-d23f-4e0d-b917-0999438f0578" [_thread_blocked, id=15064, stack(0x000000943c600000,0x000000943c700000)]
  0x00000254eef13490 JavaThread "Framework Event Dispatcher: Equinox Container: 1f6e2032-d23f-4e0d-b917-0999438f0578" daemon [_thread_blocked, id=11204, stack(0x000000943bc00000,0x000000943bd00000)]
  0x00000254eef13c10 JavaThread "Start Level: Equinox Container: 1f6e2032-d23f-4e0d-b917-0999438f0578" daemon [_thread_blocked, id=15652, stack(0x000000943bf00000,0x000000943c000000)]
  0x00000254ee186b90 JavaThread "SCR Component Actor" daemon [_thread_blocked, id=12884, stack(0x000000943c700000,0x000000943c800000)]
  0x00000254ee172b10 JavaThread "Worker-JM" [_thread_blocked, id=2608, stack(0x000000943cc00000,0x000000943cd00000)]
  0x00000254ee172640 JavaThread "Java indexing" daemon [_thread_blocked, id=15872, stack(0x000000943d000000,0x000000943d100000)]
  0x00000254f15beda0 JavaThread "JNA Cleaner" daemon [_thread_blocked, id=320, stack(0x000000943d200000,0x000000943d300000)]
  0x00000254f15bc720 JavaThread "pool-2-thread-1" [_thread_blocked, id=5000, stack(0x000000943cb00000,0x000000943cc00000)]
  0x00000254f15bda60 JavaThread "pool-1-thread-1" [_thread_blocked, id=8952, stack(0x000000943d500000,0x000000943d600000)]
  0x00000254f15bd0c0 JavaThread "ForkJoinPool.commonPool-worker-3" daemon [_thread_blocked, id=920, stack(0x000000943db00000,0x000000943dc00000)]
  0x00000254f15bb3e0 JavaThread "Bundle File Closer" daemon [_thread_blocked, id=1196, stack(0x000000943dd00000,0x000000943de00000)]
  0x00000254f15ba570 JavaThread "Java Debug Server" daemon [_thread_in_native, id=3876, stack(0x000000943de00000,0x000000943df00000)]
  0x00000254f15c1420 JavaThread "RxSchedulerPurge-1" daemon [_thread_blocked, id=796, stack(0x000000943e200000,0x000000943e300000)]
  0x00000254f15c18f0 JavaThread "RxCachedWorkerPoolEvictor-1" daemon [_thread_blocked, id=11880, stack(0x000000943e300000,0x000000943e400000)]
  0x00000254f08bd240 JavaThread "ForkJoinPool.commonPool-worker-13" daemon [_thread_blocked, id=3412, stack(0x000000943d700000,0x000000943d800000)]
  0x00000254f15bc250 JavaThread "Worker-17" [_thread_blocked, id=16408, stack(0x000000943d400000,0x000000943d500000)]
  0x00000254f08c10d0 JavaThread "ForkJoinPool.commonPool-worker-17" daemon [_thread_blocked, id=7000, stack(0x000000943e000000,0x000000943e100000)]
  0x00000254f08be580 JavaThread "ForkJoinPool.commonPool-worker-18" daemon [_thread_blocked, id=8436, stack(0x000000943e100000,0x000000943e200000)]
  0x00000254ee01d9f0 JavaThread "Worker-18" [_thread_blocked, id=4792, stack(0x000000943df00000,0x000000943e000000)]
  0x00000254ee016670 JavaThread "ForkJoinPool.commonPool-worker-19" daemon [_thread_blocked, id=4740, stack(0x000000943ad00000,0x000000943ae00000)]
  0x00000254ee01b370 JavaThread "ForkJoinPool.commonPool-worker-20" daemon [_thread_blocked, id=17384, stack(0x000000943ac00000,0x000000943ad00000)]
  0x00000254ee0191c0 JavaThread "Worker-24" [_thread_blocked, id=17596, stack(0x000000943ca00000,0x000000943cb00000)]
  0x00000254ee01a500 JavaThread "pool-5-thread-1" [_thread_blocked, id=17588, stack(0x000000943ce00000,0x000000943cf00000)]
  0x00000254ee016b40 JavaThread "pool-6-thread-1" [_thread_blocked, id=7032, stack(0x000000943cf00000,0x000000943d000000)]
  0x00000254ee01b840 JavaThread "Framework stop - Equinox Container: 1f6e2032-d23f-4e0d-b917-0999438f0578" [_thread_blocked, id=13424, stack(0x000000943d100000,0x000000943d200000)]
  0x00000254ee01aea0 JavaThread "SCR Component Registry" daemon [_thread_blocked, id=10756, stack(0x000000943d300000,0x000000943d400000)]

Other Threads:
=>0x00000254ec561fd0 VMThread "VM Thread" [stack: 0x000000943b100000,0x000000943b200000] [id=12204]
  0x00000254ec896cf0 WatcherThread [stack: 0x000000943be00000,0x000000943bf00000] [id=5976]
  0x00000254d6c02b20 GCTaskThread "GC Thread#0" [stack: 0x000000943b000000,0x000000943b100000] [id=11964]
  0x00000254eddcd330 GCTaskThread "GC Thread#1" [stack: 0x000000943c000000,0x000000943c100000] [id=1604]
  0x00000254edfcfc40 GCTaskThread "GC Thread#2" [stack: 0x000000943c100000,0x000000943c200000] [id=8976]
  0x00000254ee24d640 GCTaskThread "GC Thread#3" [stack: 0x000000943c200000,0x000000943c300000] [id=12528]
  0x00000254ee24d8f0 GCTaskThread "GC Thread#4" [stack: 0x000000943c300000,0x000000943c400000] [id=15028]
  0x00000254ee247ff0 GCTaskThread "GC Thread#5" [stack: 0x000000943c400000,0x000000943c500000] [id=14932]
  0x00000254ee2482a0 GCTaskThread "GC Thread#6" [stack: 0x000000943c500000,0x000000943c600000] [id=10188]
  0x00000254eedbc7f0 GCTaskThread "GC Thread#7" [stack: 0x000000943c800000,0x000000943c900000] [id=7472]
  0x00000254eedbcaa0 GCTaskThread "GC Thread#8" [stack: 0x000000943c900000,0x000000943ca00000] [id=5988]
  0x00000254eee39350 GCTaskThread "GC Thread#9" [stack: 0x000000943cd00000,0x000000943ce00000] [id=15512]

Threads with active compile tasks:

VM state: at safepoint (normal execution)

VM Mutex/Monitor currently owned by a thread:  ([mutex/lock_event])
[0x00000254d6bea120] Threads_lock - owner thread: 0x00000254ec561fd0
[0x00000254d6be8ce0] Heap_lock - owner thread: 0x00000254ee172640

Heap address: 0x00000000c0000000, size: 1024 MB, Compressed Oops mode: 32-bit

CDS archive(s) not mapped
Compressed class space mapped at: 0x0000000100000000-0x0000000140000000, reserved size: 1073741824
Narrow klass base: 0x0000000000000000, Narrow klass shift: 3, Narrow klass range: 0x140000000

GC Precious Log:
 CPUs: 12 total, 12 available
 Memory: 16333M
 Large Page Support: Disabled
 NUMA Support: Disabled
 Compressed Oops: Enabled (32-bit)
 Alignments: Space 512K, Generation 512K, Heap 2M
 Heap Min Capacity: 100M
 Heap Initial Capacity: 100M
 Heap Max Capacity: 1G
 Pre-touch: Disabled
 Parallel Workers: 10

Heap:
 PSYoungGen      total 4608K, used 512K [0x00000000eab00000, 0x00000000eb600000, 0x0000000100000000)
  eden space 4096K, 0% used [0x00000000eab00000,0x00000000eab00000,0x00000000eaf00000)
  from space 512K, 100% used [0x00000000eb000000,0x00000000eb080000,0x00000000eb080000)
  to   space 3584K, 0% used [0x00000000eb280000,0x00000000eb280000,0x00000000eb600000)
 ParOldGen       total 229376K, used 229294K [0x00000000c0000000, 0x00000000ce000000, 0x00000000eab00000)
  object space 229376K, 99% used [0x00000000c0000000,0x00000000cdfeb948,0x00000000ce000000)
 Metaspace       used 90336K, committed 91584K, reserved 1138688K
  class space    used 9022K, committed 9600K, reserved 1048576K

Card table byte_map: [0x00000254d6590000,0x00000254d67a0000] _byte_map_base: 0x00000254d5f90000

Marking Bits: (ParMarkBitMap*) 0x00007ffd0c730dd0
 Begin Bits: [0x00000254e8870000, 0x00000254e9870000)
 End Bits:   [0x00000254e9870000, 0x00000254ea870000)

Polling page: 0x00000254d4bc0000

Metaspace:

Usage:
  Non-class:     79.41 MB used.
      Class:      8.81 MB used.
       Both:     88.22 MB used.

Virtual space:
  Non-class space:       88.00 MB reserved,      80.06 MB ( 91%) committed,  11 nodes.
      Class space:        1.00 GB reserved,       9.38 MB ( <1%) committed,  1 nodes.
             Both:        1.09 GB reserved,      89.44 MB (  8%) committed. 

Chunk freelists:
   Non-Class:  3.95 MB
       Class:  2.59 MB
        Both:  6.54 MB

MaxMetaspaceSize: unlimited
CompressedClassSpaceSize: 1.00 GB
Initial GC threshold: 21.00 MB
Current GC threshold: 148.44 MB
CDS: off
MetaspaceReclaimPolicy: balanced
 - commit_granule_bytes: 65536.
 - commit_granule_words: 8192.
 - virtual_space_node_default_size: 1048576.
 - enlarge_chunks_in_place: 1.
 - new_chunks_are_fully_committed: 0.
 - uncommit_free_chunks: 1.
 - use_allocation_guard: 0.
 - handle_deallocations: 1.


Internal statistics:

num_allocs_failed_limit: 9.
num_arena_births: 1028.
num_arena_deaths: 230.
num_vsnodes_births: 12.
num_vsnodes_deaths: 0.
num_space_committed: 1431.
num_space_uncommitted: 0.
num_chunks_returned_to_freelist: 291.
num_chunks_taken_from_freelist: 4844.
num_chunk_merges: 97.
num_chunk_splits: 2941.
num_chunks_enlarged: 1673.
num_purges: 6.
num_inconsistent_stats: 0.

CodeHeap 'non-profiled nmethods': size=120000Kb used=21837Kb max_used=21837Kb free=98162Kb
 bounds [0x00000254e1340000, 0x00000254e28a0000, 0x00000254e8870000]
CodeHeap 'profiled nmethods': size=120000Kb used=36437Kb max_used=36897Kb free=83562Kb
 bounds [0x00000254d9e10000, 0x00000254dc240000, 0x00000254e1340000]
CodeHeap 'non-nmethods': size=5760Kb used=1451Kb max_used=1518Kb free=4308Kb
 bounds [0x00000254d9870000, 0x00000254d9ae0000, 0x00000254d9e10000]
 total_blobs=17888 nmethods=17083 adapters=714
 compilation: enabled
              stopped_count=0, restarted_count=0
 full_count=0

Compilation events (20 events):
Event: 42280.721 Thread 0x00000254ec5c37b0 nmethod 22862 0x00000254e2892310 code [0x00000254e28924a0, 0x00000254e28925b8]
Event: 42280.722 Thread 0x00000254ec5c71c0 nmethod 22863 0x00000254dc234990 code [0x00000254dc2351c0, 0x00000254dc23af38]
Event: 42280.722 Thread 0x00000254ec5c71c0 22868       3       org.eclipse.osgi.internal.framework.EquinoxBundle::getState (101 bytes)
Event: 42280.723 Thread 0x00000254ec5c71c0 nmethod 22868 0x00000254db362510 code [0x00000254db362780, 0x00000254db363158]
Event: 42280.723 Thread 0x00000254ec5c71c0 22864  s!   3       org.eclipse.osgi.framework.eventmgr.EventManager$EventThread::getNextEvent (61 bytes)
Event: 42280.723 Thread 0x00000254ec5c37b0 22869       4       org.eclipse.core.internal.registry.ReferenceMap$SoftRef::getValue (5 bytes)
Event: 42280.723 Thread 0x00000254ec5c71c0 nmethod 22864 0x00000254db5bb590 code [0x00000254db5bb760, 0x00000254db5bbc48]
Event: 42280.723 Thread 0x00000254ec5c71c0 22870       3       org.eclipse.core.internal.registry.ReferenceMap::doRemove (118 bytes)
Event: 42280.723 Thread 0x00000254ec5c71c0 nmethod 22870 0x00000254db5b7c90 code [0x00000254db5b7ec0, 0x00000254db5b8728]
Event: 42280.723 Thread 0x00000254ec5c37b0 nmethod 22869 0x00000254e2892710 code [0x00000254e2892880, 0x00000254e2892918]
Event: 42280.723 Thread 0x00000254ec5c71c0 22867       3       com.sun.org.apache.xml.internal.serializer.ToStream$CharacterBuffer::isAnyCharactersBuffered (18 bytes)
Event: 42280.723 Thread 0x00000254ec5c37b0 22871       4       java.lang.ref.Reference::clear (5 bytes)
Event: 42280.723 Thread 0x00000254ec5c71c0 nmethod 22867 0x00000254db74e710 code [0x00000254db74e8c0, 0x00000254db74eae8]
Event: 42280.723 Thread 0x00000254ec5c71c0 22866       1       com.sun.org.apache.xerces.internal.dom.ParentNode::getOwnerDocument (5 bytes)
Event: 42280.723 Thread 0x00000254ec5c71c0 nmethod 22866 0x00000254e2892a10 code [0x00000254e2892ba0, 0x00000254e2892c78]
Event: 42280.724 Thread 0x00000254ec5c71c0 22865  s    3       org.eclipse.osgi.framework.eventmgr.EventManager$EventThread::postEvent (71 bytes)
Event: 42280.724 Thread 0x00000254ec5c37b0 nmethod 22871 0x00000254e2892d10 code [0x00000254e2892ea0, 0x00000254e2892f48]
Event: 42280.724 Thread 0x00000254ec5c37b0 22872  s!   4       org.eclipse.jdt.internal.core.search.indexing.ReadWriteMonitor::enterRead (29 bytes)
Event: 42280.724 Thread 0x00000254ec5c71c0 nmethod 22865 0x00000254db7feb10 code [0x00000254db7fed00, 0x00000254db7ff268]
Event: 42280.725 Thread 0x00000254ec5c37b0 nmethod 22872 0x00000254e2893010 code [0x00000254e28931a0, 0x00000254e2893468]

GC Heap History (20 events):
Event: 2667.046 GC heap after
{Heap after GC invocations=2999 (full 65):
 PSYoungGen      total 7680K, used 3360K [0x00000000eab00000, 0x00000000eb600000, 0x0000000100000000)
  eden space 4096K, 0% used [0x00000000eab00000,0x00000000eab00000,0x00000000eaf00000)
  from space 3584K, 93% used [0x00000000eb280000,0x00000000eb5c8158,0x00000000eb600000)
  to   space 3584K, 0% used [0x00000000eaf00000,0x00000000eaf00000,0x00000000eb280000)
 ParOldGen       total 228864K, used 224794K [0x00000000c0000000, 0x00000000cdf80000, 0x00000000eab00000)
  object space 228864K, 98% used [0x00000000c0000000,0x00000000cdb86ad8,0x00000000cdf80000)
 Metaspace       used 90086K, committed 91392K, reserved 1130496K
  class space    used 8978K, committed 9600K, reserved 1048576K
}
Event: 2667.517 GC heap before
{Heap before GC invocations=3000 (full 65):
 PSYoungGen      total 7680K, used 7456K [0x00000000eab00000, 0x00000000eb600000, 0x0000000100000000)
  eden space 4096K, 100% used [0x00000000eab00000,0x00000000eaf00000,0x00000000eaf00000)
  from space 3584K, 93% used [0x00000000eb280000,0x00000000eb5c8158,0x00000000eb600000)
  to   space 3584K, 0% used [0x00000000eaf00000,0x00000000eaf00000,0x00000000eb280000)
 ParOldGen       total 228864K, used 224794K [0x00000000c0000000, 0x00000000cdf80000, 0x00000000eab00000)
  object space 228864K, 98% used [0x00000000c0000000,0x00000000cdb86ad8,0x00000000cdf80000)
 Metaspace       used 90088K, committed 91392K, reserved 1130496K
  class space    used 8978K, committed 9600K, reserved 1048576K
}
Event: 2667.521 GC heap after
{Heap after GC invocations=3000 (full 65):
 PSYoungGen      total 5632K, used 1082K [0x00000000eab00000, 0x00000000eb300000, 0x0000000100000000)
  eden space 4096K, 0% used [0x00000000eab00000,0x00000000eab00000,0x00000000eaf00000)
  from space 1536K, 70% used [0x00000000eaf00000,0x00000000eb00e900,0x00000000eb080000)
  to   space 2048K, 0% used [0x00000000eb100000,0x00000000eb100000,0x00000000eb300000)
 ParOldGen       total 228864K, used 225458K [0x00000000c0000000, 0x00000000cdf80000, 0x00000000eab00000)
  object space 228864K, 98% used [0x00000000c0000000,0x00000000cdc2cad8,0x00000000cdf80000)
 Metaspace       used 90088K, committed 91392K, reserved 1130496K
  class space    used 8978K, committed 9600K, reserved 1048576K
}
Event: 2667.888 GC heap before
{Heap before GC invocations=3001 (full 65):
 PSYoungGen      total 5632K, used 5178K [0x00000000eab00000, 0x00000000eb300000, 0x0000000100000000)
  eden space 4096K, 100% used [0x00000000eab00000,0x00000000eaf00000,0x00000000eaf00000)
  from space 1536K, 70% used [0x00000000eaf00000,0x00000000eb00e900,0x00000000eb080000)
  to   space 2048K, 0% used [0x00000000eb100000,0x00000000eb100000,0x00000000eb300000)
 ParOldGen       total 228864K, used 225458K [0x00000000c0000000, 0x00000000cdf80000, 0x00000000eab00000)
  object space 228864K, 98% used [0x00000000c0000000,0x00000000cdc2cad8,0x00000000cdf80000)
 Metaspace       used 90088K, committed 91392K, reserved 1130496K
  class space    used 8978K, committed 9600K, reserved 1048576K
}
Event: 2667.892 GC heap after
{Heap after GC invocations=3001 (full 65):
 PSYoungGen      total 4608K, used 410K [0x00000000eab00000, 0x00000000eb180000, 0x0000000100000000)
  eden space 4096K, 0% used [0x00000000eab00000,0x00000000eab00000,0x00000000eaf00000)
  from space 512K, 80% used [0x00000000eb100000,0x00000000eb166900,0x00000000eb180000)
  to   space 1024K, 0% used [0x00000000eaf80000,0x00000000eaf80000,0x00000000eb080000)
 ParOldGen       total 228864K, used 226351K [0x00000000c0000000, 0x00000000cdf80000, 0x00000000eab00000)
  object space 228864K, 98% used [0x00000000c0000000,0x00000000cdd0bcd8,0x00000000cdf80000)
 Metaspace       used 90088K, committed 91392K, reserved 1130496K
  class space    used 8978K, committed 9600K, reserved 1048576K
}
Event: 42251.985 GC heap before
{Heap before GC invocations=3002 (full 65):
 PSYoungGen      total 4608K, used 4506K [0x00000000eab00000, 0x00000000eb180000, 0x0000000100000000)
  eden space 4096K, 100% used [0x00000000eab00000,0x00000000eaf00000,0x00000000eaf00000)
  from space 512K, 80% used [0x00000000eb100000,0x00000000eb166900,0x00000000eb180000)
  to   space 1024K, 0% used [0x00000000eaf80000,0x00000000eaf80000,0x00000000eb080000)
 ParOldGen       total 228864K, used 226351K [0x00000000c0000000, 0x00000000cdf80000, 0x00000000eab00000)
  object space 228864K, 98% used [0x00000000c0000000,0x00000000cdd0bcd8,0x00000000cdf80000)
 Metaspace       used 90088K, committed 91392K, reserved 1130496K
  class space    used 8978K, committed 9600K, reserved 1048576K
}
Event: 42251.986 GC heap after
{Heap after GC invocations=3002 (full 65):
 PSYoungGen      total 5120K, used 544K [0x00000000eab00000, 0x00000000eb180000, 0x0000000100000000)
  eden space 4096K, 0% used [0x00000000eab00000,0x00000000eab00000,0x00000000eaf00000)
  from space 1024K, 53% used [0x00000000eaf80000,0x00000000eb008000,0x00000000eb080000)
  to   space 1024K, 0% used [0x00000000eb080000,0x00000000eb080000,0x00000000eb180000)
 ParOldGen       total 228864K, used 226739K [0x00000000c0000000, 0x00000000cdf80000, 0x00000000eab00000)
  object space 228864K, 99% used [0x00000000c0000000,0x00000000cdd6ced8,0x00000000cdf80000)
 Metaspace       used 90088K, committed 91392K, reserved 1130496K
  class space    used 8978K, committed 9600K, reserved 1048576K
}
Event: 42251.993 GC heap before
{Heap before GC invocations=3003 (full 65):
 PSYoungGen      total 5120K, used 4640K [0x00000000eab00000, 0x00000000eb180000, 0x0000000100000000)
  eden space 4096K, 100% used [0x00000000eab00000,0x00000000eaf00000,0x00000000eaf00000)
  from space 1024K, 53% used [0x00000000eaf80000,0x00000000eb008000,0x00000000eb080000)
  to   space 1024K, 0% used [0x00000000eb080000,0x00000000eb080000,0x00000000eb180000)
 ParOldGen       total 228864K, used 226739K [0x00000000c0000000, 0x00000000cdf80000, 0x00000000eab00000)
  object space 228864K, 99% used [0x00000000c0000000,0x00000000cdd6ced8,0x00000000cdf80000)
 Metaspace       used 90088K, committed 91392K, reserved 1130496K
  class space    used 8978K, committed 9600K, reserved 1048576K
}
Event: 42251.994 GC heap after
{Heap after GC invocations=3003 (full 65):
 PSYoungGen      total 4608K, used 64K [0x00000000eab00000, 0x00000000eb100000, 0x0000000100000000)
  eden space 4096K, 0% used [0x00000000eab00000,0x00000000eab00000,0x00000000eaf00000)
  from space 512K, 12% used [0x00000000eb080000,0x00000000eb090000,0x00000000eb100000)
  to   space 512K, 0% used [0x00000000eb000000,0x00000000eb000000,0x00000000eb080000)
 ParOldGen       total 228864K, used 227123K [0x00000000c0000000, 0x00000000cdf80000, 0x00000000eab00000)
  object space 228864K, 99% used [0x00000000c0000000,0x00000000cddcced8,0x00000000cdf80000)
 Metaspace       used 90088K, committed 91392K, reserved 1130496K
  class space    used 8978K, committed 9600K, reserved 1048576K
}
Event: 42252.002 GC heap before
{Heap before GC invocations=3004 (full 65):
 PSYoungGen      total 4608K, used 4160K [0x00000000eab00000, 0x00000000eb100000, 0x0000000100000000)
  eden space 4096K, 100% used [0x00000000eab00000,0x00000000eaf00000,0x00000000eaf00000)
  from space 512K, 12% used [0x00000000eb080000,0x00000000eb090000,0x00000000eb100000)
  to   space 512K, 0% used [0x00000000eb000000,0x00000000eb000000,0x00000000eb080000)
 ParOldGen       total 228864K, used 227123K [0x00000000c0000000, 0x00000000cdf80000, 0x00000000eab00000)
  object space 228864K, 99% used [0x00000000c0000000,0x00000000cddcced8,0x00000000cdf80000)
 Metaspace       used 90088K, committed 91392K, reserved 1130496K
  class space    used 8978K, committed 9600K, reserved 1048576K
}
Event: 42252.003 GC heap after
{Heap after GC invocations=3004 (full 65):
 PSYoungGen      total 4608K, used 32K [0x00000000eab00000, 0x00000000eb100000, 0x0000000100000000)
  eden space 4096K, 0% used [0x00000000eab00000,0x00000000eab00000,0x00000000eaf00000)
  from space 512K, 6% used [0x00000000eb000000,0x00000000eb008000,0x00000000eb080000)
  to   space 512K, 0% used [0x00000000eb080000,0x00000000eb080000,0x00000000eb100000)
 ParOldGen       total 228864K, used 227139K [0x00000000c0000000, 0x00000000cdf80000, 0x00000000eab00000)
  object space 228864K, 99% used [0x00000000c0000000,0x00000000cddd0ed8,0x00000000cdf80000)
 Metaspace       used 90088K, committed 91392K, reserved 1130496K
  class space    used 8978K, committed 9600K, reserved 1048576K
}
Event: 42252.009 GC heap before
{Heap before GC invocations=3005 (full 65):
 PSYoungGen      total 4608K, used 4128K [0x00000000eab00000, 0x00000000eb100000, 0x0000000100000000)
  eden space 4096K, 100% used [0x00000000eab00000,0x00000000eaf00000,0x00000000eaf00000)
  from space 512K, 6% used [0x00000000eb000000,0x00000000eb008000,0x00000000eb080000)
  to   space 512K, 0% used [0x00000000eb080000,0x00000000eb080000,0x00000000eb100000)
 ParOldGen       total 228864K, used 227139K [0x00000000c0000000, 0x00000000cdf80000, 0x00000000eab00000)
  object space 228864K, 99% used [0x00000000c0000000,0x00000000cddd0ed8,0x00000000cdf80000)
 Metaspace       used 90088K, committed 91392K, reserved 1130496K
  class space    used 8978K, committed 9600K, reserved 1048576K
}
Event: 42252.010 GC heap after
{Heap after GC invocations=3005 (full 65):
 PSYoungGen      total 4608K, used 32K [0x00000000eab00000, 0x00000000eb100000, 0x0000000100000000)
  eden space 4096K, 0% used [0x00000000eab00000,0x00000000eab00000,0x00000000eaf00000)
  from space 512K, 6% used [0x00000000eb080000,0x00000000eb088000,0x00000000eb100000)
  to   space 512K, 0% used [0x00000000eb000000,0x00000000eb000000,0x00000000eb080000)
 ParOldGen       total 228864K, used 227139K [0x00000000c0000000, 0x00000000cdf80000, 0x00000000eab00000)
  object space 228864K, 99% used [0x00000000c0000000,0x00000000cddd0ed8,0x00000000cdf80000)
 Metaspace       used 90088K, committed 91392K, reserved 1130496K
  class space    used 8978K, committed 9600K, reserved 1048576K
}
Event: 42252.017 GC heap before
{Heap before GC invocations=3006 (full 65):
 PSYoungGen      total 4608K, used 4128K [0x00000000eab00000, 0x00000000eb100000, 0x0000000100000000)
  eden space 4096K, 100% used [0x00000000eab00000,0x00000000eaf00000,0x00000000eaf00000)
  from space 512K, 6% used [0x00000000eb080000,0x00000000eb088000,0x00000000eb100000)
  to   space 512K, 0% used [0x00000000eb000000,0x00000000eb000000,0x00000000eb080000)
 ParOldGen       total 228864K, used 227139K [0x00000000c0000000, 0x00000000cdf80000, 0x00000000eab00000)
  object space 228864K, 99% used [0x00000000c0000000,0x00000000cddd0ed8,0x00000000cdf80000)
 Metaspace       used 90088K, committed 91392K, reserved 1130496K
  class space    used 8978K, committed 9600K, reserved 1048576K
}
Event: 42252.018 GC heap after
{Heap after GC invocations=3006 (full 65):
 PSYoungGen      total 4608K, used 32K [0x00000000eab00000, 0x00000000eb100000, 0x0000000100000000)
  eden space 4096K, 0% used [0x00000000eab00000,0x00000000eab00000,0x00000000eaf00000)
  from space 512K, 6% used [0x00000000eb000000,0x00000000eb008000,0x00000000eb080000)
  to   space 512K, 0% used [0x00000000eb080000,0x00000000eb080000,0x00000000eb100000)
 ParOldGen       total 228864K, used 227139K [0x00000000c0000000, 0x00000000cdf80000, 0x00000000eab00000)
  object space 228864K, 99% used [0x00000000c0000000,0x00000000cddd0ed8,0x00000000cdf80000)
 Metaspace       used 90088K, committed 91392K, reserved 1130496K
  class space    used 8978K, committed 9600K, reserved 1048576K
}
Event: 42280.704 GC heap before
{Heap before GC invocations=3007 (full 65):
 PSYoungGen      total 4608K, used 4069K [0x00000000eab00000, 0x00000000eb100000, 0x0000000100000000)
  eden space 4096K, 98% used [0x00000000eab00000,0x00000000eaef16c0,0x00000000eaf00000)
  from space 512K, 6% used [0x00000000eb000000,0x00000000eb008000,0x00000000eb080000)
  to   space 512K, 0% used [0x00000000eb080000,0x00000000eb080000,0x00000000eb100000)
 ParOldGen       total 228864K, used 227139K [0x00000000c0000000, 0x00000000cdf80000, 0x00000000eab00000)
  object space 228864K, 99% used [0x00000000c0000000,0x00000000cddd0ed8,0x00000000cdf80000)
 Metaspace       used 90233K, committed 91520K, reserved 1130496K
  class space    used 9006K, committed 9600K, reserved 1048576K
}
Event: 42280.705 GC heap after
{Heap after GC invocations=3007 (full 65):
 PSYoungGen      total 4608K, used 352K [0x00000000eab00000, 0x00000000eb100000, 0x0000000100000000)
  eden space 4096K, 0% used [0x00000000eab00000,0x00000000eab00000,0x00000000eaf00000)
  from space 512K, 68% used [0x00000000eb080000,0x00000000eb0d8000,0x00000000eb100000)
  to   space 512K, 0% used [0x00000000eb000000,0x00000000eb000000,0x00000000eb080000)
 ParOldGen       total 228864K, used 227139K [0x00000000c0000000, 0x00000000cdf80000, 0x00000000eab00000)
  object space 228864K, 99% used [0x00000000c0000000,0x00000000cddd0ed8,0x00000000cdf80000)
 Metaspace       used 90233K, committed 91520K, reserved 1130496K
  class space    used 9006K, committed 9600K, reserved 1048576K
}
Event: 42280.734 GC heap before
{Heap before GC invocations=3008 (full 65):
 PSYoungGen      total 4608K, used 4448K [0x00000000eab00000, 0x00000000eb100000, 0x0000000100000000)
  eden space 4096K, 100% used [0x00000000eab00000,0x00000000eaf00000,0x00000000eaf00000)
  from space 512K, 68% used [0x00000000eb080000,0x00000000eb0d8000,0x00000000eb100000)
  to   space 512K, 0% used [0x00000000eb000000,0x00000000eb000000,0x00000000eb080000)
 ParOldGen       total 228864K, used 227139K [0x00000000c0000000, 0x00000000cdf80000, 0x00000000eab00000)
  object space 228864K, 99% used [0x00000000c0000000,0x00000000cddd0ed8,0x00000000cdf80000)
 Metaspace       used 90336K, committed 91584K, reserved 1138688K
  class space    used 9022K, committed 9600K, reserved 1048576K
}
Event: 42280.736 GC heap after
{Heap after GC invocations=3008 (full 65):
 PSYoungGen      total 4608K, used 512K [0x00000000eab00000, 0x00000000eb600000, 0x0000000100000000)
  eden space 4096K, 0% used [0x00000000eab00000,0x00000000eab00000,0x00000000eaf00000)
  from space 512K, 100% used [0x00000000eb000000,0x00000000eb080000,0x00000000eb080000)
  to   space 3584K, 0% used [0x00000000eb280000,0x00000000eb280000,0x00000000eb600000)
 ParOldGen       total 229376K, used 229294K [0x00000000c0000000, 0x00000000ce000000, 0x00000000eab00000)
  object space 229376K, 99% used [0x00000000c0000000,0x00000000cdfeb948,0x00000000ce000000)
 Metaspace       used 90336K, committed 91584K, reserved 1138688K
  class space    used 9022K, committed 9600K, reserved 1048576K
}
Event: 42280.736 GC heap before
{Heap before GC invocations=3009 (full 66):
 PSYoungGen      total 4608K, used 512K [0x00000000eab00000, 0x00000000eb600000, 0x0000000100000000)
  eden space 4096K, 0% used [0x00000000eab00000,0x00000000eab00000,0x00000000eaf00000)
  from space 512K, 100% used [0x00000000eb000000,0x00000000eb080000,0x00000000eb080000)
  to   space 3584K, 0% used [0x00000000eb280000,0x00000000eb280000,0x00000000eb600000)
 ParOldGen       total 229376K, used 229294K [0x00000000c0000000, 0x00000000ce000000, 0x00000000eab00000)
  object space 229376K, 99% used [0x00000000c0000000,0x00000000cdfeb948,0x00000000ce000000)
 Metaspace       used 90336K, committed 91584K, reserved 1138688K
  class space    used 9022K, committed 9600K, reserved 1048576K
}

Dll operation events (11 events):
Event: 0.117 Loaded shared library c:\Users\ppk02\.vscode\extensions\redhat.java-1.13.0-win32-x64\jre\17.0.5-win32-x86_64\bin\java.dll
Event: 0.295 Loaded shared library c:\Users\ppk02\.vscode\extensions\redhat.java-1.13.0-win32-x64\jre\17.0.5-win32-x86_64\bin\zip.dll
Event: 0.298 Loaded shared library C:\Users\ppk02\.vscode\extensions\redhat.java-1.13.0-win32-x64\jre\17.0.5-win32-x86_64\bin\instrument.dll
Event: 0.339 Loaded shared library C:\Users\ppk02\.vscode\extensions\redhat.java-1.13.0-win32-x64\jre\17.0.5-win32-x86_64\bin\net.dll
Event: 0.364 Loaded shared library C:\Users\ppk02\.vscode\extensions\redhat.java-1.13.0-win32-x64\jre\17.0.5-win32-x86_64\bin\nio.dll
Event: 0.372 Loaded shared library C:\Users\ppk02\.vscode\extensions\redhat.java-1.13.0-win32-x64\jre\17.0.5-win32-x86_64\bin\zip.dll
Event: 0.387 Loaded shared library C:\Users\ppk02\.vscode\extensions\redhat.java-1.13.0-win32-x64\jre\17.0.5-win32-x86_64\bin\jimage.dll
Event: 0.455 Loaded shared library c:\Users\ppk02\.vscode\extensions\redhat.java-1.13.0-win32-x64\jre\17.0.5-win32-x86_64\bin\verify.dll
Event: 4.051 Loaded shared library C:\Users\ppk02\AppData\Roaming\Code\User\globalStorage\redhat.java\1.13.0\config_win\org.eclipse.equinox.launcher\org.eclipse.equinox.launcher.win32.win32.x86_64_1.2.600.v20220720-1916\eclipse_11700.dll
Event: 7.926 Loaded shared library C:\Users\ppk02\AppData\Local\Temp\jna-106875309\jna14820605862858954266.dll
Event: 30.013 Loaded shared library C:\Users\ppk02\.vscode\extensions\redhat.java-1.13.0-win32-x64\jre\17.0.5-win32-x86_64\bin\sunmscapi.dll

Deoptimization events (20 events):
Event: 42279.737 Thread 0x00000254ee017010 Uncommon trap: trap_request=0xffffffde fr.pc=0x00000254e16df93c relative=0x000000000000027c
Event: 42279.737 Thread 0x00000254ee017010 Uncommon trap: reason=class_check action=maybe_recompile pc=0x00000254e16df93c method=java.util.stream.Nodes.flatten(Ljava/util/stream/Node;Ljava/util/function/IntFunction;)Ljava/util/stream/Node; @ 37 c2
Event: 42279.737 Thread 0x00000254ee017010 DEOPT PACKING pc=0x00000254e16df93c sp=0x000000943cffeb30
Event: 42279.737 Thread 0x00000254ee017010 DEOPT UNPACKING pc=0x00000254d98c20a3 sp=0x000000943cffeab0 mode 2
Event: 42280.706 Thread 0x00000254ee01b840 Uncommon trap: trap_request=0xffffff45 fr.pc=0x00000254e20c5f4c relative=0x00000000000000ac
Event: 42280.706 Thread 0x00000254ee01b840 Uncommon trap: reason=unstable_if action=reinterpret pc=0x00000254e20c5f4c method=org.eclipse.osgi.internal.framework.EquinoxBundle.getState()I @ 14 c2
Event: 42280.706 Thread 0x00000254ee01b840 DEOPT PACKING pc=0x00000254e20c5f4c sp=0x000000943d1fee90
Event: 42280.706 Thread 0x00000254ee01b840 DEOPT UNPACKING pc=0x00000254d98c20a3 sp=0x000000943d1fee30 mode 2
Event: 42280.712 Thread 0x00000254ee01b840 Uncommon trap: trap_request=0xfffffff4 fr.pc=0x00000254e22e4c40 relative=0x00000000000005c0
Event: 42280.712 Thread 0x00000254ee01b840 Uncommon trap: reason=null_check action=make_not_entrant pc=0x00000254e22e4c40 method=java.lang.Class.reflectionData()Ljava/lang/Class$ReflectionData; @ 18 c2
Event: 42280.712 Thread 0x00000254ee01b840 DEOPT PACKING pc=0x00000254e22e4c40 sp=0x000000943d1fc930
Event: 42280.712 Thread 0x00000254ee01b840 DEOPT UNPACKING pc=0x00000254d98c20a3 sp=0x000000943d1fc868 mode 2
Event: 42280.716 Thread 0x00000254ee01b840 Uncommon trap: trap_request=0xffffffc6 fr.pc=0x00000254e22e3d00 relative=0x0000000000000520
Event: 42280.716 Thread 0x00000254ee01b840 Uncommon trap: reason=bimorphic_or_optimized_type_check action=maybe_recompile pc=0x00000254e22e3d00 method=java.util.HashMap.removeNode(ILjava/lang/Object;Ljava/lang/Object;ZZ)Ljava/util/HashMap$Node; @ 143 c2
Event: 42280.716 Thread 0x00000254ee01b840 DEOPT PACKING pc=0x00000254e22e3d00 sp=0x000000943d1fe580
Event: 42280.716 Thread 0x00000254ee01b840 DEOPT UNPACKING pc=0x00000254d98c20a3 sp=0x000000943d1fe4f8 mode 2
Event: 42280.723 Thread 0x00000254ee01b840 Uncommon trap: trap_request=0xffffff45 fr.pc=0x00000254e1a94438 relative=0x00000000000002f8
Event: 42280.723 Thread 0x00000254ee01b840 Uncommon trap: reason=unstable_if action=reinterpret pc=0x00000254e1a94438 method=org.eclipse.core.internal.registry.ReferenceMap.get(I)Ljava/lang/Object; @ 32 c2
Event: 42280.723 Thread 0x00000254ee01b840 DEOPT PACKING pc=0x00000254e1a94438 sp=0x000000943d1feaf0
Event: 42280.723 Thread 0x00000254ee01b840 DEOPT UNPACKING pc=0x00000254d98c20a3 sp=0x000000943d1fe948 mode 2

Classes unloaded (20 events):
Event: 42280.758 Thread 0x00000254ec561fd0 Unloading class 0x000000010058eee8 'org/apache/maven/lifecycle/mapping/DefaultLifecycleMapping$__sisu1'
Event: 42280.758 Thread 0x00000254ec561fd0 Unloading class 0x000000010058eca0 'org/apache/maven/lifecycle/mapping/DefaultLifecycleMapping$__sisu6'
Event: 42280.758 Thread 0x00000254ec561fd0 Unloading class 0x000000010058ea58 'org/apache/maven/lifecycle/mapping/DefaultLifecycleMapping$__sisu3'
Event: 42280.758 Thread 0x00000254ec561fd0 Unloading class 0x000000010058e7a8 'org/apache/maven/artifact/handler/DefaultArtifactHandler$__sisu16'
Event: 42280.758 Thread 0x00000254ec561fd0 Unloading class 0x000000010058e560 'org/apache/maven/lifecycle/mapping/DefaultLifecycleMapping$__sisu4'
Event: 42280.758 Thread 0x00000254ec561fd0 Unloading class 0x000000010058e2b0 'org/apache/maven/artifact/handler/DefaultArtifactHandler$__sisu14'
Event: 42280.758 Thread 0x00000254ec561fd0 Unloading class 0x000000010058e000 'org/apache/maven/artifact/handler/DefaultArtifactHandler$__sisu18'
Event: 42280.758 Thread 0x00000254ec561fd0 Unloading class 0x000000010058dce8 'org/apache/maven/artifact/handler/DefaultArtifactHandler$__sisu9'
Event: 42280.758 Thread 0x00000254ec561fd0 Unloading class 0x000000010058da38 'org/apache/maven/artifact/handler/DefaultArtifactHandler$__sisu19'
Event: 42280.758 Thread 0x00000254ec561fd0 Unloading class 0x000000010058d788 'org/apache/maven/artifact/handler/DefaultArtifactHandler$__sisu11'
Event: 42280.758 Thread 0x00000254ec561fd0 Unloading class 0x000000010058d4d8 'org/apache/maven/artifact/handler/DefaultArtifactHandler$__sisu15'
Event: 42280.758 Thread 0x00000254ec561fd0 Unloading class 0x000000010058d2b0 'org/apache/maven/lifecycle/Lifecycle$__sisu7'
Event: 42280.758 Thread 0x00000254ec561fd0 Unloading class 0x000000010058d000 'org/apache/maven/artifact/handler/DefaultArtifactHandler$__sisu17'
Event: 42280.758 Thread 0x00000254ec561fd0 Unloading class 0x000000010058cc18 'org/apache/maven/artifact/handler/DefaultArtifactHandler$__sisu13'
Event: 42280.758 Thread 0x00000254ec561fd0 Unloading class 0x000000010058c968 'org/apache/maven/artifact/handler/DefaultArtifactHandler$__sisu10'
Event: 42280.758 Thread 0x00000254ec561fd0 Unloading class 0x000000010058c720 'org/apache/maven/lifecycle/mapping/DefaultLifecycleMapping$__sisu2'
Event: 42280.758 Thread 0x00000254ec561fd0 Unloading class 0x000000010058c470 'org/apache/maven/artifact/handler/DefaultArtifactHandler$__sisu12'
Event: 42280.758 Thread 0x00000254ec561fd0 Unloading class 0x000000010058c228 'org/apache/maven/lifecycle/mapping/DefaultLifecycleMapping$__sisu5'
Event: 42280.758 Thread 0x00000254ec561fd0 Unloading class 0x000000010058c000 'org/apache/maven/lifecycle/Lifecycle$__sisu8'
Event: 42280.758 Thread 0x00000254ec561fd0 Unloading class 0x0000000100248000 'jdk/internal/reflect/GeneratedMethodAccessor6'

Classes redefined (0 events):
No events

Internal exceptions (20 events):
Event: 42279.726 Thread 0x00000254f15bc250 Implicit null exception at 0x00000254e13b489a to 0x00000254e13b5048
Event: 42279.726 Thread 0x00000254f15bc250 Implicit null exception at 0x00000254e1c91e2e to 0x00000254e1c92344
Event: 42279.732 Thread 0x00000254f15bc250 Exception <a 'java/lang/NoSuchMethodError'{0x00000000eadef110}: 'java.lang.Object java.lang.invoke.DirectMethodHandle$Holder.newInvokeSpecial(java.lang.Object, java.lang.Object, java.lang.Object, java.lang.Object, java.lang.Object, java.lang.Object, java.lang.Object, java.lang.Object, java.lang.Object, java.lang.Object)'> (0x00000000eadef110) 
thrown [s\src\hotspot\share\interpreter\linkResolver.cpp, line 759]
Event: 42279.732 Thread 0x00000254f15bc250 Exception <a 'java/lang/NoSuchMethodError'{0x00000000eadf4708}: 'java.lang.Object java.lang.invoke.Invokers$Holder.linkToTargetMethod(java.lang.Object, java.lang.Object, java.lang.Object, java.lang.Object, java.lang.Object, java.lang.Object, java.lang.Object, java.lang.Object, java.lang.Object, java.lang.Object)'> (0x00000000eadf4708) 
thrown [s\src\hotspot\share\interpreter\linkResolver.cpp, line 759]
Event: 42279.744 Thread 0x00000254f15bc250 Exception <a 'sun/nio/fs/WindowsException'{0x00000000eae6cb90}> (0x00000000eae6cb90) 
thrown [s\src\hotspot\share\prims\jni.cpp, line 516]
Event: 42279.756 Thread 0x00000254f15bc250 Exception <a 'java/io/IOException'{0x00000000eaead7d0}> (0x00000000eaead7d0) 
thrown [s\src\hotspot\share\prims\jni.cpp, line 516]
Event: 42279.756 Thread 0x00000254f15bc250 Exception <a 'java/io/IOException'{0x00000000eaeadae8}> (0x00000000eaeadae8) 
thrown [s\src\hotspot\share\prims\jni.cpp, line 516]
Event: 42279.756 Thread 0x00000254f15bc250 Exception <a 'java/io/IOException'{0x00000000eaeade00}> (0x00000000eaeade00) 
thrown [s\src\hotspot\share\prims\jni.cpp, line 516]
Event: 42279.756 Thread 0x00000254f15bc250 Exception <a 'java/io/IOException'{0x00000000eaeaf458}> (0x00000000eaeaf458) 
thrown [s\src\hotspot\share\prims\jni.cpp, line 516]
Event: 42279.756 Thread 0x00000254f15bc250 Exception <a 'java/io/IOException'{0x00000000eaeaf9e0}> (0x00000000eaeaf9e0) 
thrown [s\src\hotspot\share\prims\jni.cpp, line 516]
Event: 42279.756 Thread 0x00000254f15bc250 Exception <a 'java/io/IOException'{0x00000000eaeafcf8}> (0x00000000eaeafcf8) 
thrown [s\src\hotspot\share\prims\jni.cpp, line 516]
Event: 42279.861 Thread 0x00000254ee01d9f0 Exception <a 'java/io/IOException'{0x00000000eaeb07b0}> (0x00000000eaeb07b0) 
thrown [s\src\hotspot\share\prims\jni.cpp, line 516]
Event: 42279.861 Thread 0x00000254ee01d9f0 Exception <a 'java/io/IOException'{0x00000000eaeb0ac8}> (0x00000000eaeb0ac8) 
thrown [s\src\hotspot\share\prims\jni.cpp, line 516]
Event: 42279.861 Thread 0x00000254ee01d9f0 Exception <a 'java/io/IOException'{0x00000000eaeb0de0}> (0x00000000eaeb0de0) 
thrown [s\src\hotspot\share\prims\jni.cpp, line 516]
Event: 42279.861 Thread 0x00000254ee01d9f0 Exception <a 'java/io/IOException'{0x00000000eaeb2978}> (0x00000000eaeb2978) 
thrown [s\src\hotspot\share\prims\jni.cpp, line 516]
Event: 42279.861 Thread 0x00000254ee01d9f0 Exception <a 'java/io/IOException'{0x00000000eaeb2ed8}> (0x00000000eaeb2ed8) 
thrown [s\src\hotspot\share\prims\jni.cpp, line 516]
Event: 42279.861 Thread 0x00000254ee01d9f0 Exception <a 'java/io/IOException'{0x00000000eaeb31f0}> (0x00000000eaeb31f0) 
thrown [s\src\hotspot\share\prims\jni.cpp, line 516]
Event: 42280.712 Thread 0x00000254ee01b840 Implicit null exception at 0x00000254e22e46ce to 0x00000254e22e4c1c
Event: 42280.715 Thread 0x00000254ee01b840 Exception <a 'java/lang/NoSuchMethodError'{0x00000000eac4c7f8}: 'void java.lang.invoke.DirectMethodHandle$Holder.invokeInterface(java.lang.Object, java.lang.Object)'> (0x00000000eac4c7f8) 
thrown [s\src\hotspot\share\interpreter\linkResolver.cpp, line 759]
Event: 42280.731 Thread 0x00000254ee172640 Exception <a 'sun/nio/fs/WindowsException'{0x00000000eace0420}> (0x00000000eace0420) 
thrown [s\src\hotspot\share\prims\jni.cpp, line 516]

VM Operations (20 events):
Event: 42252.003 Executing VM operation: ParallelGCFailedAllocation done
Event: 42252.009 Executing VM operation: ParallelGCFailedAllocation
Event: 42252.010 Executing VM operation: ParallelGCFailedAllocation done
Event: 42252.017 Executing VM operation: ParallelGCFailedAllocation
Event: 42252.018 Executing VM operation: ParallelGCFailedAllocation done
Event: 42253.021 Executing VM operation: Cleanup
Event: 42253.021 Executing VM operation: Cleanup done
Event: 42264.104 Executing VM operation: Cleanup
Event: 42264.104 Executing VM operation: Cleanup done
Event: 42279.695 Executing VM operation: HandshakeAllThreads
Event: 42279.695 Executing VM operation: HandshakeAllThreads done
Event: 42279.695 Executing VM operation: Cleanup
Event: 42279.695 Executing VM operation: Cleanup done
Event: 42280.701 Executing VM operation: Cleanup
Event: 42280.702 Executing VM operation: Cleanup done
Event: 42280.704 Executing VM operation: ParallelGCFailedAllocation
Event: 42280.705 Executing VM operation: ParallelGCFailedAllocation done
Event: 42280.720 Executing VM operation: HandshakeAllThreads
Event: 42280.720 Executing VM operation: HandshakeAllThreads done
Event: 42280.734 Executing VM operation: ParallelGCFailedAllocation

Events (20 events):
Event: 42279.692 loading class java/util/concurrent/Executors$DelegatedExecutorService done
Event: 42279.692 loading class java/util/concurrent/Executors$DelegatedScheduledExecutorService done
Event: 42279.695 Thread 0x00000254ee01a500 Thread added: 0x00000254ee01a500
Event: 42279.711 Thread 0x00000254ee01a9d0 Thread added: 0x00000254ee01a9d0
Event: 42279.711 Thread 0x00000254ee01b840 Thread added: 0x00000254ee01b840
Event: 42279.712 loading class java/util/zip/Deflater
Event: 42279.713 loading class java/util/zip/Deflater done
Event: 42279.714 loading class java/util/zip/Deflater$DeflaterZStreamRef
Event: 42279.714 loading class java/util/zip/Deflater$DeflaterZStreamRef done
Event: 42279.718 Thread 0x00000254ee01b840 Thread exited: 0x00000254ee01b840
Event: 42279.718 Thread 0x00000254ee01a9d0 Thread exited: 0x00000254ee01a9d0
Event: 42279.724 loading class java/util/Collections$EmptyListIterator
Event: 42279.724 loading class java/util/Collections$EmptyListIterator done
Event: 42279.733 Thread 0x00000254ee017010 Thread added: 0x00000254ee017010
Event: 42279.734 Thread 0x00000254ee01a9d0 Thread added: 0x00000254ee01a9d0
Event: 42279.737 Thread 0x00000254ee01a9d0 Thread exited: 0x00000254ee01a9d0
Event: 42279.737 Thread 0x00000254ee017010 Thread exited: 0x00000254ee017010
Event: 42280.702 Thread 0x00000254ee016b40 Thread added: 0x00000254ee016b40
Event: 42280.706 Thread 0x00000254ee01b840 Thread added: 0x00000254ee01b840
Event: 42280.713 Thread 0x00000254ee01aea0 Thread added: 0x00000254ee01aea0


Dynamic libraries:
0x00007ff75f610000 - 0x00007ff75f61e000 	c:\Users\ppk02\.vscode\extensions\redhat.java-1.13.0-win32-x64\jre\17.0.5-win32-x86_64\bin\java.exe
0x00007ffd796f0000 - 0x00007ffd79904000 	C:\Windows\SYSTEM32\ntdll.dll
0x00007ffd77d60000 - 0x00007ffd77e23000 	C:\Windows\System32\KERNEL32.DLL
0x00007ffd76c60000 - 0x00007ffd76ffd000 	C:\Windows\System32\KERNELBASE.dll
0x00007ffd76b40000 - 0x00007ffd76c51000 	C:\Windows\System32\ucrtbase.dll
0x00007ffd673b0000 - 0x00007ffd673c9000 	c:\Users\ppk02\.vscode\extensions\redhat.java-1.13.0-win32-x64\jre\17.0.5-win32-x86_64\bin\VCRUNTIME140.dll
0x00007ffd64480000 - 0x00007ffd64497000 	c:\Users\ppk02\.vscode\extensions\redhat.java-1.13.0-win32-x64\jre\17.0.5-win32-x86_64\bin\jli.dll
0x00007ffd78760000 - 0x00007ffd7890d000 	C:\Windows\System32\USER32.dll
0x00007ffd76b10000 - 0x00007ffd76b36000 	C:\Windows\System32\win32u.dll
0x00007ffd6ae40000 - 0x00007ffd6b0ce000 	C:\Windows\WinSxS\amd64_microsoft.windows.common-controls_6595b64144ccf1df_6.0.22621.608_none_a9444ca7c10bb01d\COMCTL32.dll
0x00007ffd79470000 - 0x00007ffd79499000 	C:\Windows\System32\GDI32.dll
0x00007ffd786b0000 - 0x00007ffd78757000 	C:\Windows\System32\msvcrt.dll
0x00007ffd77190000 - 0x00007ffd772a2000 	C:\Windows\System32\gdi32full.dll
0x00007ffd77000000 - 0x00007ffd7709a000 	C:\Windows\System32\msvcp_win.dll
0x00007ffd784b0000 - 0x00007ffd784e2000 	C:\Windows\System32\IMM32.DLL
0x00007ffd71820000 - 0x00007ffd7182c000 	c:\Users\ppk02\.vscode\extensions\redhat.java-1.13.0-win32-x64\jre\17.0.5-win32-x86_64\bin\vcruntime140_1.dll
0x00007ffd473e0000 - 0x00007ffd47471000 	c:\Users\ppk02\.vscode\extensions\redhat.java-1.13.0-win32-x64\jre\17.0.5-win32-x86_64\bin\msvcp140.dll
0x00007ffd0bbb0000 - 0x00007ffd0c7f4000 	c:\Users\ppk02\.vscode\extensions\redhat.java-1.13.0-win32-x64\jre\17.0.5-win32-x86_64\bin\server\jvm.dll
0x00007ffd77fd0000 - 0x00007ffd7807e000 	C:\Windows\System32\ADVAPI32.dll
0x00007ffd79520000 - 0x00007ffd795c4000 	C:\Windows\System32\sechost.dll
0x00007ffd78a30000 - 0x00007ffd78b45000 	C:\Windows\System32\RPCRT4.dll
0x00007ffd672c0000 - 0x00007ffd672f4000 	C:\Windows\SYSTEM32\WINMM.dll
0x00007ffd67480000 - 0x00007ffd67489000 	C:\Windows\SYSTEM32\WSOCK32.dll
0x00007ffd794a0000 - 0x00007ffd79511000 	C:\Windows\System32\WS2_32.dll
0x00007ffd70f90000 - 0x00007ffd70f9a000 	C:\Windows\SYSTEM32\VERSION.dll
0x00007ffd75c60000 - 0x00007ffd75c78000 	C:\Windows\SYSTEM32\kernel.appcore.dll
0x00007ffd673a0000 - 0x00007ffd673aa000 	c:\Users\ppk02\.vscode\extensions\redhat.java-1.13.0-win32-x64\jre\17.0.5-win32-x86_64\bin\jimage.dll
0x00007ffd66550000 - 0x00007ffd6677e000 	C:\Windows\SYSTEM32\DBGHELP.DLL
0x00007ffd774e0000 - 0x00007ffd7786a000 	C:\Windows\System32\combase.dll
0x00007ffd795d0000 - 0x00007ffd796a7000 	C:\Windows\System32\OLEAUT32.dll
0x00007ffd62520000 - 0x00007ffd62552000 	C:\Windows\SYSTEM32\dbgcore.DLL
0x00007ffd77110000 - 0x00007ffd7718b000 	C:\Windows\System32\bcryptPrimitives.dll
0x00007ffd66500000 - 0x00007ffd6650e000 	c:\Users\ppk02\.vscode\extensions\redhat.java-1.13.0-win32-x64\jre\17.0.5-win32-x86_64\bin\instrument.dll
0x00007ffd5bb90000 - 0x00007ffd5bbb5000 	c:\Users\ppk02\.vscode\extensions\redhat.java-1.13.0-win32-x64\jre\17.0.5-win32-x86_64\bin\java.dll
0x00007ffd5d9d0000 - 0x00007ffd5d9e8000 	c:\Users\ppk02\.vscode\extensions\redhat.java-1.13.0-win32-x64\jre\17.0.5-win32-x86_64\bin\zip.dll
0x00007ffd78c80000 - 0x00007ffd7946f000 	C:\Windows\System32\SHELL32.dll
0x00007ffd74b50000 - 0x00007ffd75418000 	C:\Windows\SYSTEM32\windows.storage.dll
0x00007ffd74a10000 - 0x00007ffd74b4e000 	C:\Windows\SYSTEM32\wintypes.dll
0x00007ffd77e30000 - 0x00007ffd77f21000 	C:\Windows\System32\SHCORE.dll
0x00007ffd78b60000 - 0x00007ffd78bbe000 	C:\Windows\System32\shlwapi.dll
0x00007ffd76a40000 - 0x00007ffd76a61000 	C:\Windows\SYSTEM32\profapi.dll
0x00007ffd568f0000 - 0x00007ffd56909000 	C:\Users\ppk02\.vscode\extensions\redhat.java-1.13.0-win32-x64\jre\17.0.5-win32-x86_64\bin\net.dll
0x00007ffd71070000 - 0x00007ffd7119f000 	C:\Windows\SYSTEM32\WINHTTP.dll
0x00007ffd760c0000 - 0x00007ffd76129000 	C:\Windows\system32\mswsock.dll
0x00007ffd5cf60000 - 0x00007ffd5cf75000 	C:\Users\ppk02\.vscode\extensions\redhat.java-1.13.0-win32-x64\jre\17.0.5-win32-x86_64\bin\nio.dll
0x00007ffd663c0000 - 0x00007ffd663d0000 	c:\Users\ppk02\.vscode\extensions\redhat.java-1.13.0-win32-x64\jre\17.0.5-win32-x86_64\bin\verify.dll
0x00007ffd556b0000 - 0x00007ffd556ee000 	C:\Users\ppk02\AppData\Roaming\Code\User\globalStorage\redhat.java\1.13.0\config_win\org.eclipse.equinox.launcher\org.eclipse.equinox.launcher.win32.win32.x86_64_1.2.600.v20220720-1916\eclipse_11700.dll
0x00007ffd78090000 - 0x00007ffd7822c000 	C:\Windows\System32\ole32.dll
0x00007ffd76310000 - 0x00007ffd7632b000 	C:\Windows\SYSTEM32\CRYPTSP.dll
0x00007ffd75bd0000 - 0x00007ffd75c05000 	C:\Windows\system32\rsaenh.dll
0x00007ffd761b0000 - 0x00007ffd761d8000 	C:\Windows\SYSTEM32\USERENV.dll
0x00007ffd764d0000 - 0x00007ffd764f8000 	C:\Windows\SYSTEM32\bcrypt.dll
0x00007ffd76330000 - 0x00007ffd7633c000 	C:\Windows\SYSTEM32\CRYPTBASE.dll
0x00007ffd756e0000 - 0x00007ffd7570d000 	C:\Windows\SYSTEM32\IPHLPAPI.DLL
0x00007ffd78c10000 - 0x00007ffd78c19000 	C:\Windows\System32\NSI.dll
0x00007ffd71050000 - 0x00007ffd71069000 	C:\Windows\SYSTEM32\dhcpcsvc6.DLL
0x00007ffd70fe0000 - 0x00007ffd70fff000 	C:\Windows\SYSTEM32\dhcpcsvc.DLL
0x00007ffd75750000 - 0x00007ffd75842000 	C:\Windows\SYSTEM32\DNSAPI.dll
0x00007ffd4c990000 - 0x00007ffd4c9d0000 	C:\Users\ppk02\AppData\Local\Temp\jna-106875309\jna14820605862858954266.dll
0x00007ffd78b50000 - 0x00007ffd78b58000 	C:\Windows\System32\PSAPI.DLL
0x00007ffd64d10000 - 0x00007ffd64d1e000 	C:\Users\ppk02\.vscode\extensions\redhat.java-1.13.0-win32-x64\jre\17.0.5-win32-x86_64\bin\sunmscapi.dll
0x00007ffd77370000 - 0x00007ffd774d6000 	C:\Windows\System32\CRYPT32.dll
0x00007ffd764a0000 - 0x00007ffd764cd000 	C:\Windows\SYSTEM32\ncrypt.dll
0x00007ffd76460000 - 0x00007ffd76497000 	C:\Windows\SYSTEM32\NTASN1.dll
0x00007ffd6e300000 - 0x00007ffd6e30a000 	C:\Windows\System32\rasadhlp.dll
0x00007ffd70220000 - 0x00007ffd702a3000 	C:\Windows\System32\fwpuclnt.dll

dbghelp: loaded successfully - version: 4.0.5 - missing functions: none
symbol engine: initialized successfully - sym options: 0x614 - pdb path: .;c:\Users\ppk02\.vscode\extensions\redhat.java-1.13.0-win32-x64\jre\17.0.5-win32-x86_64\bin;C:\Windows\SYSTEM32;C:\Windows\WinSxS\amd64_microsoft.windows.common-controls_6595b64144ccf1df_6.0.22621.608_none_a9444ca7c10bb01d;c:\Users\ppk02\.vscode\extensions\redhat.java-1.13.0-win32-x64\jre\17.0.5-win32-x86_64\bin\server;C:\Users\ppk02\AppData\Roaming\Code\User\globalStorage\redhat.java\1.13.0\config_win\org.eclipse.equinox.launcher\org.eclipse.equinox.launcher.win32.win32.x86_64_1.2.600.v20220720-1916;C:\Users\ppk02\AppData\Local\Temp\jna-106875309

VM Arguments:
jvm_args: --add-modules=ALL-SYSTEM --add-opens=java.base/java.util=ALL-UNNAMED --add-opens=java.base/java.lang=ALL-UNNAMED --add-opens=java.base/sun.nio.fs=ALL-UNNAMED -Declipse.application=org.eclipse.jdt.ls.core.id1 -Dosgi.bundles.defaultStartLevel=4 -Declipse.product=org.eclipse.jdt.ls.core.product -Djava.import.generatesMetadataFilesAtProjectRoot=false -Dfile.encoding=utf8 -XX:+UseParallelGC -XX:GCTimeRatio=4 -XX:AdaptiveSizePolicyWeight=90 -Dsun.zip.disableMemoryMapping=true -Xmx1G -Xms100m -Xlog:disable -javaagent:c:\Users\ppk02\.vscode\extensions\redhat.java-1.13.0-win32-x64\lombok\lombok-1.18.24.jar -XX:+HeapDumpOnOutOfMemoryError -XX:HeapDumpPath=c:\Users\ppk02\AppData\Roaming\Code\User\workspaceStorage\ba20d346ddce121bd6170a11cfa85c10\redhat.java 
java_command: c:\Users\ppk02\.vscode\extensions\redhat.java-1.13.0-win32-x64\server\plugins\org.eclipse.equinox.launcher_1.6.400.v20210924-0641.jar -configuration c:\Users\ppk02\AppData\Roaming\Code\User\globalStorage\redhat.java\1.13.0\config_win -data c:\Users\ppk02\AppData\Roaming\Code\User\workspaceStorage\ba20d346ddce121bd6170a11cfa85c10\redhat.java\jdt_ws
java_class_path (initial): c:\Users\ppk02\.vscode\extensions\redhat.java-1.13.0-win32-x64\server\plugins\org.eclipse.equinox.launcher_1.6.400.v20210924-0641.jar
Launcher Type: SUN_STANDARD

[Global flags]
    uintx AdaptiveSizePolicyWeight                 = 90                                        {product} {command line}
     intx CICompilerCount                          = 4                                         {product} {ergonomic}
    uintx GCTimeRatio                              = 4                                         {product} {command line}
     bool HeapDumpOnOutOfMemoryError               = true                                   {manageable} {command line}
    ccstr HeapDumpPath                             = c:\Users\ppk02\AppData\Roaming\Code\User\workspaceStorage\ba20d346ddce121bd6170a11cfa85c10\redhat.java         {manageable} {command line}
   size_t InitialHeapSize                          = 104857600                                 {product} {command line}
   size_t MaxHeapSize                              = 1073741824                                {product} {command line}
   size_t MaxNewSize                               = 357564416                                 {product} {ergonomic}
   size_t MinHeapDeltaBytes                        = 524288                                    {product} {ergonomic}
   size_t MinHeapSize                              = 104857600                                 {product} {command line}
   size_t NewSize                                  = 34603008                                  {product} {ergonomic}
    uintx NonNMethodCodeHeapSize                   = 5839372                                {pd product} {ergonomic}
    uintx NonProfiledCodeHeapSize                  = 122909434                              {pd product} {ergonomic}
   size_t OldSize                                  = 70254592                                  {product} {ergonomic}
    uintx ProfiledCodeHeapSize                     = 122909434                              {pd product} {ergonomic}
    uintx ReservedCodeCacheSize                    = 251658240                              {pd product} {ergonomic}
     bool SegmentedCodeCache                       = true                                      {product} {ergonomic}
   size_t SoftMaxHeapSize                          = 1073741824                             {manageable} {ergonomic}
     bool UseCompressedClassPointers               = true                           {product lp64_product} {ergonomic}
     bool UseCompressedOops                        = true                           {product lp64_product} {ergonomic}
     bool UseLargePagesIndividualAllocation        = false                                  {pd product} {ergonomic}
     bool UseParallelGC                            = true                                      {product} {command line}

Logging:
Log output configuration:
 #0: stdout all=off uptime,level,tags
 #1: stderr all=off uptime,level,tags

Environment Variables:
JAVA_HOME=C:\Users\ppk02\AppData\Local\Programs\Eclipse Adoptium\jdk-17.0.5.8-hotspot\
PATH=C:\Windows\system32;C:\Windows;C:\Windows\System32\Wbem;C:\Windows\System32\WindowsPowerShell\v1.0\;C:\Windows\System32\OpenSSH\;C:\Program Files (x86)\NVIDIA Corporation\PhysX\Common;C:\Program Files\Git\cmd;C:\Users\ppk02\AppData\Local\Programs\Eclipse Adoptium\jdk-17.0.5.8-hotspot\bin;C:\Users\ppk02\AppData\Local\Microsoft\WindowsApps;C:\Users\ppk02\AppData\Local\Programs\Microsoft VS Code\bin
USERNAME=ppk02
OS=Windows_NT
PROCESSOR_IDENTIFIER=AMD64 Family 23 Model 113 Stepping 0, AuthenticAMD
TMP=C:\Users\ppk02\AppData\Local\Temp
TEMP=C:\Users\ppk02\AppData\Local\Temp



---------------  S Y S T E M  ---------------

OS:
 Windows 11 , 64 bit Build 22621 (10.0.22621.963)
OS uptime: 2 days 5:37 hours

CPU: total 12 (initial active 12) (12 cores per cpu, 2 threads per core) family 23 model 113 stepping 0 microcode 0x0, cx8, cmov, fxsr, ht, mmx, 3dnowpref, sse, sse2, sse3, ssse3, sse4a, sse4.1, sse4.2, popcnt, lzcnt, tsc, tscinvbit, avx, avx2, aes, clmul, bmi1, bmi2, adx, sha, fma, vzeroupper, clflush, clflushopt

Memory: 4k page, system-wide physical 16333M (10232M free)
TotalPageFile size 20941M (AvailPageFile size 11921M)
current process WorkingSet (physical memory assigned to process): 448M, peak: 580M
current process commit charge ("private bytes"): 560M, peak: 611M

vm_info: OpenJDK 64-Bit Server VM (17.0.5+8) for windows-amd64 JRE (17.0.5+8), built on Oct 19 2022 04:48:13 by "temurin" with MS VC++ 16.7 (VS2019)

END.
